This is pdfTeX, Version 3.141592653-2.6-1.40.23 (TeX Live 2022/dev) (preloaded format=pdflatex 2022.2.12)  20 APR 2022 01:47
entering extended mode
 restricted \write18 enabled.
 %&-line parsing enabled.
**Jessica-Yu_StatThesis.tex
(./Jessica-Yu_StatThesis.tex
LaTeX2e <2021-11-15> patch level 1
L3 programming layer <2022-02-05> (./amherstthesis.cls
Document Class: amherstthesis 2019/08/26 Amherst College Statistics
(/Users/jessicayu/Library/TinyTeX/texmf-dist/tex/latex/base/book.cls
Document Class: book 2021/10/04 v1.4n Standard LaTeX document class
(/Users/jessicayu/Library/TinyTeX/texmf-dist/tex/latex/base/bk12.clo
File: bk12.clo 2021/10/04 v1.4n Standard LaTeX file (size option)
)
\c@part=\count185
\c@chapter=\count186
\c@section=\count187
\c@subsection=\count188
\c@subsubsection=\count189
\c@paragraph=\count190
\c@subparagraph=\count191
\c@figure=\count192
\c@table=\count193
\abovecaptionskip=\skip47
\belowcaptionskip=\skip48
\bibindent=\dimen138
) (/Users/jessicayu/Library/TinyTeX/texmf-dist/tex/latex/fancyhdr/fancyhdr.sty
Package: fancyhdr 2021/01/28 v4.0.1 Extensive control of page headers and foote
rs
\f@nch@headwidth=\skip49
\f@nch@O@elh=\skip50
\f@nch@O@erh=\skip51
\f@nch@O@olh=\skip52
\f@nch@O@orh=\skip53
\f@nch@O@elf=\skip54
\f@nch@O@erf=\skip55
\f@nch@O@olf=\skip56
\f@nch@O@orf=\skip57
) (/Users/jessicayu/Library/TinyTeX/texmf-dist/tex/latex/setspace/setspace.sty
Package: setspace 2011/12/19 v6.7a set line spacing
) (/Users/jessicayu/Library/TinyTeX/texmf-dist/tex/generic/iftex/ifxetex.sty
Package: ifxetex 2019/10/25 v0.7 ifxetex legacy package. Use iftex instead.
(/Users/jessicayu/Library/TinyTeX/texmf-dist/tex/generic/iftex/iftex.sty
Package: iftex 2022/02/03 v1.0f TeX engine tests
)) (/Users/jessicayu/Library/TinyTeX/texmf-dist/tex/generic/iftex/ifluatex.sty
Package: ifluatex 2019/10/25 v1.5 ifluatex legacy package. Use iftex instead.
) (/Users/jessicayu/Library/TinyTeX/texmf-dist/tex/latex/base/fixltx2e.sty
Package: fixltx2e 2016/12/29 v2.1a fixes to LaTeX (obsolete)
Applying: [2015/01/01] Old fixltx2e package on input line 46.

Package fixltx2e Warning: fixltx2e is not required with releases after 2015
(fixltx2e)                All fixes are now in the LaTeX kernel.
(fixltx2e)                See the latexrelease package for details.

Already applied: [0000/00/00] Old fixltx2e package on input line 53.
) (/Users/jessicayu/Library/TinyTeX/texmf-dist/tex/latex/base/fontenc.sty
Package: fontenc 2021/04/29 v2.0v Standard LaTeX package
) (/Users/jessicayu/Library/TinyTeX/texmf-dist/tex/latex/base/inputenc.sty
Package: inputenc 2021/02/14 v1.3d Input encoding file
\inpenc@prehook=\toks16
\inpenc@posthook=\toks17
) (/Users/jessicayu/Library/TinyTeX/texmf-dist/tex/latex/upquote/upquote.sty
Package: upquote 2012/04/19 v1.3 upright-quote and grave-accent glyphs in verba
tim
(/Users/jessicayu/Library/TinyTeX/texmf-dist/tex/latex/base/textcomp.sty
Package: textcomp 2020/02/02 v2.0n Standard LaTeX package
))) (/Users/jessicayu/Library/TinyTeX/texmf-dist/tex/latex/graphics/graphicx.st
y
Package: graphicx 2021/09/16 v1.2d Enhanced LaTeX Graphics (DPC,SPQR)
(/Users/jessicayu/Library/TinyTeX/texmf-dist/tex/latex/graphics/keyval.sty
Package: keyval 2014/10/28 v1.15 key=value parser (DPC)
\KV@toks@=\toks18
) (/Users/jessicayu/Library/TinyTeX/texmf-dist/tex/latex/graphics/graphics.sty
Package: graphics 2021/03/04 v1.4d Standard LaTeX Graphics (DPC,SPQR)
(/Users/jessicayu/Library/TinyTeX/texmf-dist/tex/latex/graphics/trig.sty
Package: trig 2021/08/11 v1.11 sin cos tan (DPC)
)
(/Users/jessicayu/Library/TinyTeX/texmf-dist/tex/latex/graphics-cfg/graphics.cf
g
File: graphics.cfg 2016/06/04 v1.11 sample graphics configuration
)
Package graphics Info: Driver file: pdftex.def on input line 107.
(/Users/jessicayu/Library/TinyTeX/texmf-dist/tex/latex/graphics-def/pdftex.def
File: pdftex.def 2020/10/05 v1.2a Graphics/color driver for pdftex
))
\Gin@req@height=\dimen139
\Gin@req@width=\dimen140
) (/Users/jessicayu/Library/TinyTeX/texmf-dist/tex/latex/base/latexsym.sty
Package: latexsym 1998/08/17 v2.2e Standard LaTeX package (lasy symbols)
\symlasy=\mathgroup4
LaTeX Font Info:    Overwriting symbol font `lasy' in version `bold'
(Font)                  U/lasy/m/n --> U/lasy/b/n on input line 52.
) (/Users/jessicayu/Library/TinyTeX/texmf-dist/tex/latex/amsmath/amsmath.sty
Package: amsmath 2021/10/15 v2.17l AMS math features
\@mathmargin=\skip58
For additional information on amsmath, use the `?' option.
(/Users/jessicayu/Library/TinyTeX/texmf-dist/tex/latex/amsmath/amstext.sty
Package: amstext 2021/08/26 v2.01 AMS text
(/Users/jessicayu/Library/TinyTeX/texmf-dist/tex/latex/amsmath/amsgen.sty
File: amsgen.sty 1999/11/30 v2.0 generic functions
\@emptytoks=\toks19
\ex@=\dimen141
)) (/Users/jessicayu/Library/TinyTeX/texmf-dist/tex/latex/amsmath/amsbsy.sty
Package: amsbsy 1999/11/29 v1.2d Bold Symbols
\pmbraise@=\dimen142
) (/Users/jessicayu/Library/TinyTeX/texmf-dist/tex/latex/amsmath/amsopn.sty
Package: amsopn 2021/08/26 v2.02 operator names
)
\inf@bad=\count194
LaTeX Info: Redefining \frac on input line 234.
\uproot@=\count195
\leftroot@=\count196
LaTeX Info: Redefining \overline on input line 399.
\classnum@=\count197
\DOTSCASE@=\count198
LaTeX Info: Redefining \ldots on input line 496.
LaTeX Info: Redefining \dots on input line 499.
LaTeX Info: Redefining \cdots on input line 620.
\Mathstrutbox@=\box50
\strutbox@=\box51
\big@size=\dimen143
LaTeX Font Info:    Redeclaring font encoding OML on input line 743.
LaTeX Font Info:    Redeclaring font encoding OMS on input line 744.
\macc@depth=\count199
\c@MaxMatrixCols=\count266
\dotsspace@=\muskip16
\c@parentequation=\count267
\dspbrk@lvl=\count268
\tag@help=\toks20
\row@=\count269
\column@=\count270
\maxfields@=\count271
\andhelp@=\toks21
\eqnshift@=\dimen144
\alignsep@=\dimen145
\tagshift@=\dimen146
\tagwidth@=\dimen147
\totwidth@=\dimen148
\lineht@=\dimen149
\@envbody=\toks22
\multlinegap=\skip59
\multlinetaggap=\skip60
\mathdisplay@stack=\toks23
LaTeX Info: Redefining \[ on input line 2938.
LaTeX Info: Redefining \] on input line 2939.
) (/Users/jessicayu/Library/TinyTeX/texmf-dist/tex/latex/amsfonts/amssymb.sty
Package: amssymb 2013/01/14 v3.01 AMS font symbols
(/Users/jessicayu/Library/TinyTeX/texmf-dist/tex/latex/amsfonts/amsfonts.sty
Package: amsfonts 2013/01/14 v3.01 Basic AMSFonts support
\symAMSa=\mathgroup5
\symAMSb=\mathgroup6
LaTeX Font Info:    Redeclaring math symbol \hbar on input line 98.
LaTeX Font Info:    Overwriting math alphabet `\mathfrak' in version `bold'
(Font)                  U/euf/m/n --> U/euf/b/n on input line 106.
)) (/Users/jessicayu/Library/TinyTeX/texmf-dist/tex/latex/amscls/amsthm.sty
Package: amsthm 2020/05/29 v2.20.6
\thm@style=\toks24
\thm@bodyfont=\toks25
\thm@headfont=\toks26
\thm@notefont=\toks27
\thm@headpunct=\toks28
\thm@preskip=\skip61
\thm@postskip=\skip62
\thm@headsep=\skip63
\dth@everypar=\toks29
) (/Users/jessicayu/Library/TinyTeX/texmf-dist/tex/latex/tools/longtable.sty
Package: longtable 2021-09-01 v4.17 Multi-page Table package (DPC)
\LTleft=\skip64
\LTright=\skip65
\LTpre=\skip66
\LTpost=\skip67
\LTchunksize=\count272
\LTcapwidth=\dimen150
\LT@head=\box52
\LT@firsthead=\box53
\LT@foot=\box54
\LT@lastfoot=\box55
\LT@gbox=\box56
\LT@cols=\count273
\LT@rows=\count274
\c@LT@tables=\count275
\c@LT@chunks=\count276
\LT@p@ftn=\toks30
) (/Users/jessicayu/Library/TinyTeX/texmf-dist/tex/latex/booktabs/booktabs.sty
Package: booktabs 2020/01/12 v1.61803398 Publication quality tables
\heavyrulewidth=\dimen151
\lightrulewidth=\dimen152
\cmidrulewidth=\dimen153
\belowrulesep=\dimen154
\belowbottomsep=\dimen155
\aboverulesep=\dimen156
\abovetopsep=\dimen157
\cmidrulesep=\dimen158
\cmidrulekern=\dimen159
\defaultaddspace=\dimen160
\@cmidla=\count277
\@cmidlb=\count278
\@aboverulesep=\dimen161
\@belowrulesep=\dimen162
\@thisruleclass=\count279
\@lastruleclass=\count280
\@thisrulewidth=\dimen163
) (/Users/jessicayu/Library/TinyTeX/texmf-dist/tex/latex/url/url.sty
\Urlmuskip=\muskip17
Package: url 2013/09/16  ver 3.4  Verb mode for urls, etc.
) (/Users/jessicayu/Library/TinyTeX/texmf-dist/tex/latex/hyperref/hyperref.sty
Package: hyperref 2021-06-07 v7.00m Hypertext links for LaTeX
(/Users/jessicayu/Library/TinyTeX/texmf-dist/tex/generic/ltxcmds/ltxcmds.sty
Package: ltxcmds 2020-05-10 v1.25 LaTeX kernel commands for general use (HO)
)
(/Users/jessicayu/Library/TinyTeX/texmf-dist/tex/generic/pdftexcmds/pdftexcmds.
sty
Package: pdftexcmds 2020-06-27 v0.33 Utility functions of pdfTeX for LuaTeX (HO
)

(/Users/jessicayu/Library/TinyTeX/texmf-dist/tex/generic/infwarerr/infwarerr.st
y
Package: infwarerr 2019/12/03 v1.5 Providing info/warning/error messages (HO)
)
Package pdftexcmds Info: \pdf@primitive is available.
Package pdftexcmds Info: \pdf@ifprimitive is available.
Package pdftexcmds Info: \pdfdraftmode found.
)
(/Users/jessicayu/Library/TinyTeX/texmf-dist/tex/generic/kvsetkeys/kvsetkeys.st
y
Package: kvsetkeys 2019/12/15 v1.18 Key value parser (HO)
)
(/Users/jessicayu/Library/TinyTeX/texmf-dist/tex/generic/kvdefinekeys/kvdefinek
eys.sty
Package: kvdefinekeys 2019-12-19 v1.6 Define keys (HO)
)
(/Users/jessicayu/Library/TinyTeX/texmf-dist/tex/generic/pdfescape/pdfescape.st
y
Package: pdfescape 2019/12/09 v1.15 Implements pdfTeX's escape features (HO)
) (/Users/jessicayu/Library/TinyTeX/texmf-dist/tex/latex/hycolor/hycolor.sty
Package: hycolor 2020-01-27 v1.10 Color options for hyperref/bookmark (HO)
)
(/Users/jessicayu/Library/TinyTeX/texmf-dist/tex/latex/letltxmacro/letltxmacro.
sty
Package: letltxmacro 2019/12/03 v1.6 Let assignment for LaTeX macros (HO)
) (/Users/jessicayu/Library/TinyTeX/texmf-dist/tex/latex/auxhook/auxhook.sty
Package: auxhook 2019-12-17 v1.6 Hooks for auxiliary files (HO)
) (/Users/jessicayu/Library/TinyTeX/texmf-dist/tex/latex/kvoptions/kvoptions.st
y
Package: kvoptions 2020-10-07 v3.14 Key value format for package options (HO)
)
\@linkdim=\dimen164
\Hy@linkcounter=\count281
\Hy@pagecounter=\count282
(/Users/jessicayu/Library/TinyTeX/texmf-dist/tex/latex/hyperref/pd1enc.def
File: pd1enc.def 2021-06-07 v7.00m Hyperref: PDFDocEncoding definition (HO)
Now handling font encoding PD1 ...
... no UTF-8 mapping file for font encoding PD1
)
(/Users/jessicayu/Library/TinyTeX/texmf-dist/tex/latex/hyperref/hyperref-langpa
tches.def
File: hyperref-langpatches.def 2021-06-07 v7.00m Hyperref: patches for babel la
nguages
) (/Users/jessicayu/Library/TinyTeX/texmf-dist/tex/generic/intcalc/intcalc.sty
Package: intcalc 2019/12/15 v1.3 Expandable calculations with integers (HO)
) (/Users/jessicayu/Library/TinyTeX/texmf-dist/tex/generic/etexcmds/etexcmds.st
y
Package: etexcmds 2019/12/15 v1.7 Avoid name clashes with e-TeX commands (HO)
)
\Hy@SavedSpaceFactor=\count283
(/Users/jessicayu/Library/TinyTeX/texmf-dist/tex/latex/hyperref/puenc.def
File: puenc.def 2021-06-07 v7.00m Hyperref: PDF Unicode definition (HO)
Now handling font encoding PU ...
... no UTF-8 mapping file for font encoding PU
)
Package hyperref Info: Hyper figures OFF on input line 4192.
Package hyperref Info: Link nesting OFF on input line 4197.
Package hyperref Info: Hyper index ON on input line 4200.
Package hyperref Info: Plain pages OFF on input line 4207.
Package hyperref Info: Backreferencing OFF on input line 4212.
Package hyperref Info: Implicit mode ON; LaTeX internals redefined.
Package hyperref Info: Bookmarks ON on input line 4445.
\c@Hy@tempcnt=\count284
LaTeX Info: Redefining \url on input line 4804.
\XeTeXLinkMargin=\dimen165
(/Users/jessicayu/Library/TinyTeX/texmf-dist/tex/generic/bitset/bitset.sty
Package: bitset 2019/12/09 v1.3 Handle bit-vector datatype (HO)

(/Users/jessicayu/Library/TinyTeX/texmf-dist/tex/generic/bigintcalc/bigintcalc.
sty
Package: bigintcalc 2019/12/15 v1.5 Expandable calculations on big integers (HO
)
))
\Fld@menulength=\count285
\Field@Width=\dimen166
\Fld@charsize=\dimen167
Package hyperref Info: Hyper figures OFF on input line 6076.
Package hyperref Info: Link nesting OFF on input line 6081.
Package hyperref Info: Hyper index ON on input line 6084.
Package hyperref Info: backreferencing OFF on input line 6091.
Package hyperref Info: Link coloring OFF on input line 6096.
Package hyperref Info: Link coloring with OCG OFF on input line 6101.
Package hyperref Info: PDF/A mode OFF on input line 6106.
LaTeX Info: Redefining \ref on input line 6146.
LaTeX Info: Redefining \pageref on input line 6150.
(/Users/jessicayu/Library/TinyTeX/texmf-dist/tex/latex/base/atbegshi-ltx.sty
Package: atbegshi-ltx 2021/01/10 v1.0c Emulation of the original atbegshi
package with kernel methods
)
\Hy@abspage=\count286
\c@Item=\count287
\c@Hfootnote=\count288
)
Package hyperref Info: Driver (autodetected): hpdftex.
(/Users/jessicayu/Library/TinyTeX/texmf-dist/tex/latex/hyperref/hpdftex.def
File: hpdftex.def 2021-06-07 v7.00m Hyperref driver for pdfTeX
(/Users/jessicayu/Library/TinyTeX/texmf-dist/tex/latex/base/atveryend-ltx.sty
Package: atveryend-ltx 2020/08/19 v1.0a Emulation of the original atveryend pac
kage
with kernel methods
)
\Fld@listcount=\count289
\c@bookmark@seq@number=\count290

(/Users/jessicayu/Library/TinyTeX/texmf-dist/tex/latex/rerunfilecheck/rerunfile
check.sty
Package: rerunfilecheck 2019/12/05 v1.9 Rerun checks for auxiliary files (HO)

(/Users/jessicayu/Library/TinyTeX/texmf-dist/tex/generic/uniquecounter/uniqueco
unter.sty
Package: uniquecounter 2019/12/15 v1.4 Provide unlimited unique counter (HO)
)
Package uniquecounter Info: New unique counter `rerunfilecheck' on input line 2
86.
)
\Hy@SectionHShift=\skip68
) (/Users/jessicayu/Library/TinyTeX/texmf-dist/tex/latex/lm/lmodern.sty
Package: lmodern 2015/05/01 v1.6.1 Latin Modern Fonts
LaTeX Font Info:    Overwriting symbol font `operators' in version `normal'
(Font)                  OT1/cmr/m/n --> OT1/lmr/m/n on input line 22.
LaTeX Font Info:    Overwriting symbol font `letters' in version `normal'
(Font)                  OML/cmm/m/it --> OML/lmm/m/it on input line 23.
LaTeX Font Info:    Overwriting symbol font `symbols' in version `normal'
(Font)                  OMS/cmsy/m/n --> OMS/lmsy/m/n on input line 24.
LaTeX Font Info:    Overwriting symbol font `largesymbols' in version `normal'
(Font)                  OMX/cmex/m/n --> OMX/lmex/m/n on input line 25.
LaTeX Font Info:    Overwriting symbol font `operators' in version `bold'
(Font)                  OT1/cmr/bx/n --> OT1/lmr/bx/n on input line 26.
LaTeX Font Info:    Overwriting symbol font `letters' in version `bold'
(Font)                  OML/cmm/b/it --> OML/lmm/b/it on input line 27.
LaTeX Font Info:    Overwriting symbol font `symbols' in version `bold'
(Font)                  OMS/cmsy/b/n --> OMS/lmsy/b/n on input line 28.
LaTeX Font Info:    Overwriting symbol font `largesymbols' in version `bold'
(Font)                  OMX/cmex/m/n --> OMX/lmex/m/n on input line 29.
LaTeX Font Info:    Overwriting math alphabet `\mathbf' in version `normal'
(Font)                  OT1/cmr/bx/n --> OT1/lmr/bx/n on input line 31.
LaTeX Font Info:    Overwriting math alphabet `\mathsf' in version `normal'
(Font)                  OT1/cmss/m/n --> OT1/lmss/m/n on input line 32.
LaTeX Font Info:    Overwriting math alphabet `\mathit' in version `normal'
(Font)                  OT1/cmr/m/it --> OT1/lmr/m/it on input line 33.
LaTeX Font Info:    Overwriting math alphabet `\mathtt' in version `normal'
(Font)                  OT1/cmtt/m/n --> OT1/lmtt/m/n on input line 34.
LaTeX Font Info:    Overwriting math alphabet `\mathbf' in version `bold'
(Font)                  OT1/cmr/bx/n --> OT1/lmr/bx/n on input line 35.
LaTeX Font Info:    Overwriting math alphabet `\mathsf' in version `bold'
(Font)                  OT1/cmss/bx/n --> OT1/lmss/bx/n on input line 36.
LaTeX Font Info:    Overwriting math alphabet `\mathit' in version `bold'
(Font)                  OT1/cmr/bx/it --> OT1/lmr/bx/it on input line 37.
LaTeX Font Info:    Overwriting math alphabet `\mathtt' in version `bold'
(Font)                  OT1/cmtt/m/n --> OT1/lmtt/m/n on input line 38.
) (/Users/jessicayu/Library/TinyTeX/texmf-dist/tex/latex/float/float.sty
Package: float 2001/11/08 v1.3d Float enhancements (AL)
\c@float@type=\count291
\float@exts=\toks31
\float@box=\box57
\@float@everytoks=\toks32
\@floatcapt=\box58
) (/Users/jessicayu/Library/TinyTeX/texmf-dist/tex/latex/graphics/rotating.sty
Package: rotating 2016/08/11 v2.16d rotated objects in LaTeX
(/Users/jessicayu/Library/TinyTeX/texmf-dist/tex/latex/base/ifthen.sty
Package: ifthen 2020/11/24 v1.1c Standard LaTeX ifthen package (DPC)
)
\c@r@tfl@t=\count292
\rotFPtop=\skip69
\rotFPbot=\skip70
\rot@float@box=\box59
\rot@mess@toks=\toks33
) (/Users/jessicayu/Library/TinyTeX/texmf-dist/tex/latex/fancyvrb/fancyvrb.sty
Package: fancyvrb 2021/12/21 4.1b verbatim text (tvz,hv)
\FV@CodeLineNo=\count293
\FV@InFile=\read2
\FV@TabBox=\box60
\c@FancyVerbLine=\count294
\FV@StepNumber=\count295
\FV@OutFile=\write3
) (/Users/jessicayu/Library/TinyTeX/texmf-dist/tex/latex/tools/array.sty
Package: array 2021/10/04 v2.5f Tabular extension package (FMi)
\col@sep=\dimen168
\ar@mcellbox=\box61
\extrarowheight=\dimen169
\NC@list=\toks34
\extratabsurround=\skip71
\backup@length=\skip72
\ar@cellbox=\box62
) (/Users/jessicayu/Library/TinyTeX/texmf-dist/tex/latex/multirow/multirow.sty
Package: multirow 2021/03/15 v2.8 Span multiple rows of a table
\multirow@colwidth=\skip73
\multirow@cntb=\count296
\multirow@dima=\skip74
\bigstrutjot=\dimen170
) (/Users/jessicayu/Library/TinyTeX/texmf-dist/tex/latex/wrapfig/wrapfig.sty
\wrapoverhang=\dimen171
\WF@size=\dimen172
\c@WF@wrappedlines=\count297
\WF@box=\box63
\WF@everypar=\toks35
Package: wrapfig 2003/01/31  v 3.6
) (/Users/jessicayu/Library/TinyTeX/texmf-dist/tex/latex/colortbl/colortbl.sty
Package: colortbl 2020/01/04 v1.0e Color table columns (DPC)
(/Users/jessicayu/Library/TinyTeX/texmf-dist/tex/latex/graphics/color.sty
Package: color 2021/12/07 v1.3c Standard LaTeX Color (DPC)
(/Users/jessicayu/Library/TinyTeX/texmf-dist/tex/latex/graphics-cfg/color.cfg
File: color.cfg 2016/01/02 v1.6 sample color configuration
)
Package color Info: Driver file: pdftex.def on input line 149.
)
\everycr=\toks36
\minrowclearance=\skip75
) (/Users/jessicayu/Library/TinyTeX/texmf-dist/tex/latex/pdflscape/pdflscape.st
y
Package: pdflscape 2019/12/05 v0.12 Display of landscape pages in PDF (HO)
(/Users/jessicayu/Library/TinyTeX/texmf-dist/tex/latex/graphics/lscape.sty
Package: lscape 2020/05/28 v3.02 Landscape Pages (DPC)
)
Package pdflscape Info: Auto-detected driver: pdftex on input line 81.
) (/Users/jessicayu/Library/TinyTeX/texmf-dist/tex/latex/tabu/tabu.sty
Package: tabu 2019/01/11 v2.9 - flexible LaTeX tabulars (FC+tabu-fixed)
(/Users/jessicayu/Library/TinyTeX/texmf-dist/tex/latex/varwidth/varwidth.sty
Package: varwidth 2009/03/30 ver 0.92;  Variable-width minipages
\@vwid@box=\box64
\sift@deathcycles=\count298
\@vwid@loff=\dimen173
\@vwid@roff=\dimen174
)
\c@taburow=\count299
\tabu@nbcols=\count300
\tabu@cnt=\count301
\tabu@Xcol=\count302
\tabu@alloc=\count303
\tabu@nested=\count304
\tabu@target=\dimen175
\tabu@spreadtarget=\dimen176
\tabu@naturalX=\dimen177
\tabucolX=\dimen178
\tabu@Xsum=\dimen179
\extrarowdepth=\dimen180
\abovetabulinesep=\dimen181
\belowtabulinesep=\dimen182
\tabustrutrule=\dimen183
\tabu@thebody=\toks37
\tabu@footnotes=\toks38
\tabu@box=\box65
\tabu@arstrutbox=\box66
\tabu@hleads=\box67
\tabu@vleads=\box68
\tabu@cellskip=\skip76
)
(/Users/jessicayu/Library/TinyTeX/texmf-dist/tex/latex/threeparttable/threepart
table.sty
Package: threeparttable 2003/06/13  v 3.0
\@tempboxb=\box69
)
(/Users/jessicayu/Library/TinyTeX/texmf-dist/tex/latex/threeparttablex/threepar
ttablex.sty
Package: threeparttablex 2013/07/23 v0.3 by daleif
(/Users/jessicayu/Library/TinyTeX/texmf-dist/tex/latex/environ/environ.sty
Package: environ 2014/05/04 v0.3 A new way to define environments

(/Users/jessicayu/Library/TinyTeX/texmf-dist/tex/latex/trimspaces/trimspaces.st
y
Package: trimspaces 2009/09/17 v1.1 Trim spaces around a token list
))
\TPTL@width=\skip77
) (/Users/jessicayu/Library/TinyTeX/texmf-dist/tex/generic/ulem/ulem.sty
\UL@box=\box70
\UL@hyphenbox=\box71
\UL@skip=\skip78
\UL@hook=\toks39
\UL@height=\dimen184
\UL@pe=\count305
\UL@pixel=\dimen185
\ULC@box=\box72
Package: ulem 2019/11/18
\ULdepth=\dimen186
) (/Users/jessicayu/Library/TinyTeX/texmf-dist/tex/latex/makecell/makecell.sty
Package: makecell 2009/08/03 V0.1e Managing of Tab Column Heads and Cells
\rotheadsize=\dimen187
\c@nlinenum=\count306
\TeXr@lab=\toks40
) (/Users/jessicayu/Library/TinyTeX/texmf-dist/tex/latex/xcolor/xcolor.sty
Package: xcolor 2021/10/31 v2.13 LaTeX color extensions (UK)
(/Users/jessicayu/Library/TinyTeX/texmf-dist/tex/latex/graphics-cfg/color.cfg
File: color.cfg 2016/01/02 v1.6 sample color configuration
)
Package xcolor Info: Driver file: pdftex.def on input line 227.
LaTeX Info: Redefining \color on input line 711.
Package xcolor Info: Model `cmy' substituted by `cmy0' on input line 1352.
Package xcolor Info: Model `hsb' substituted by `rgb' on input line 1356.
Package xcolor Info: Model `RGB' extended on input line 1368.
Package xcolor Info: Model `HTML' substituted by `rgb' on input line 1370.
Package xcolor Info: Model `Hsb' substituted by `hsb' on input line 1371.
Package xcolor Info: Model `tHsb' substituted by `hsb' on input line 1372.
Package xcolor Info: Model `HSB' substituted by `hsb' on input line 1373.
Package xcolor Info: Model `Gray' substituted by `gray' on input line 1374.
Package xcolor Info: Model `wave' substituted by `hsb' on input line 1375.
)
Package hyperref Info: Option `colorlinks' set `true' on input line 72.
(/Users/jessicayu/Library/TinyTeX/texmf-dist/tex/latex/caption/caption.sty
Package: caption 2020/10/26 v3.5g Customizing captions (AR)
(/Users/jessicayu/Library/TinyTeX/texmf-dist/tex/latex/caption/caption3.sty
Package: caption3 2020/10/21 v2.2e caption3 kernel (AR)
\captionmargin=\dimen188
\captionmargin@=\dimen189
\captionwidth=\dimen190
\caption@tempdima=\dimen191
\caption@indent=\dimen192
\caption@parindent=\dimen193
\caption@hangindent=\dimen194
Package caption Info: Standard document class detected.
)
\c@caption@flags=\count307
\c@continuedfloat=\count308
Package caption Info: float package is loaded.
Package caption Info: hyperref package is loaded.
Package caption Info: longtable package is loaded.
(/Users/jessicayu/Library/TinyTeX/texmf-dist/tex/latex/caption/ltcaption.sty
Package: ltcaption 2020/05/30 v1.4b longtable captions (AR)
)
Package caption Info: rotating package is loaded.
Package caption Info: threeparttable package is loaded.
Package caption Info: wrapfig package is loaded.
) (/Users/jessicayu/Library/TinyTeX/texmf-dist/tex/latex/titlesec/titlesec.sty
Package: titlesec 2021/07/05 v2.14 Sectioning titles
\ttl@box=\box73
\beforetitleunit=\skip79
\aftertitleunit=\skip80
\ttl@plus=\dimen195
\ttl@minus=\dimen196
\ttl@toksa=\toks41
\titlewidth=\dimen197
\titlewidthlast=\dimen198
\titlewidthfirst=\dimen199
) (/Users/jessicayu/Library/TinyTeX/texmf-dist/tex/latex/framed/framed.sty
Package: framed 2011/10/22 v 0.96: framed or shaded text with page breaks
\OuterFrameSep=\skip81
\fb@frw=\dimen256
\fb@frh=\dimen257
\FrameRule=\dimen258
\FrameSep=\dimen259
)
LaTeX Font Info:    Trying to load font information for T1+lmr on input line 25
3.
(/Users/jessicayu/Library/TinyTeX/texmf-dist/tex/latex/lm/t1lmr.fd
File: t1lmr.fd 2015/05/01 v1.6.1 Font defs for Latin Modern
)
(/Users/jessicayu/Library/TinyTeX/texmf-dist/tex/latex/l3backend/l3backend-pdft
ex.def
File: l3backend-pdftex.def 2022-02-07 L3 backend support: PDF output (pdfTeX)
\l__color_backend_stack_int=\count309
\l__pdf_internal_box=\box74
) (./Jessica-Yu_StatThesis.aux)
\openout1 = `Jessica-Yu_StatThesis.aux'.

LaTeX Font Info:    Checking defaults for OML/cmm/m/it on input line 253.
LaTeX Font Info:    ... okay on input line 253.
LaTeX Font Info:    Checking defaults for OMS/cmsy/m/n on input line 253.
LaTeX Font Info:    ... okay on input line 253.
LaTeX Font Info:    Checking defaults for OT1/cmr/m/n on input line 253.
LaTeX Font Info:    ... okay on input line 253.
LaTeX Font Info:    Checking defaults for T1/cmr/m/n on input line 253.
LaTeX Font Info:    ... okay on input line 253.
LaTeX Font Info:    Checking defaults for TS1/cmr/m/n on input line 253.
LaTeX Font Info:    ... okay on input line 253.
LaTeX Font Info:    Checking defaults for OMX/cmex/m/n on input line 253.
LaTeX Font Info:    ... okay on input line 253.
LaTeX Font Info:    Checking defaults for U/cmr/m/n on input line 253.
LaTeX Font Info:    ... okay on input line 253.
LaTeX Font Info:    Checking defaults for PD1/pdf/m/n on input line 253.
LaTeX Font Info:    ... okay on input line 253.
LaTeX Font Info:    Checking defaults for PU/pdf/m/n on input line 253.
LaTeX Font Info:    ... okay on input line 253.

(/Users/jessicayu/Library/TinyTeX/texmf-dist/tex/latex/epstopdf-pkg/epstopdf-ba
se.sty
Package: epstopdf-base 2020-01-24 v2.11 Base part for package epstopdf
Package epstopdf-base Info: Redefining graphics rule for `.eps' on input line 4
85.

(/Users/jessicayu/Library/TinyTeX/texmf-dist/tex/latex/latexconfig/epstopdf-sys
.cfg
File: epstopdf-sys.cfg 2010/07/13 v1.3 Configuration of (r)epstopdf for TeX Liv
e
))
Package hyperref Info: Link coloring ON on input line 253.
(/Users/jessicayu/Library/TinyTeX/texmf-dist/tex/latex/hyperref/nameref.sty
Package: nameref 2021-04-02 v2.47 Cross-referencing by name of section
(/Users/jessicayu/Library/TinyTeX/texmf-dist/tex/latex/refcount/refcount.sty
Package: refcount 2019/12/15 v3.6 Data extraction from label references (HO)
)
(/Users/jessicayu/Library/TinyTeX/texmf-dist/tex/generic/gettitlestring/gettitl
estring.sty
Package: gettitlestring 2019/12/15 v1.6 Cleanup title references (HO)
)
\c@section@level=\count310
)
LaTeX Info: Redefining \ref on input line 253.
LaTeX Info: Redefining \pageref on input line 253.
LaTeX Info: Redefining \nameref on input line 253.
(./Jessica-Yu_StatThesis.out) (./Jessica-Yu_StatThesis.out)
\@outlinefile=\write4
\openout4 = `Jessica-Yu_StatThesis.out'.

Package caption Info: Begin \AtBeginDocument code.
Package caption Info: End \AtBeginDocument code.
[1
Non-PDF special ignored!
<special> !% Amherst College LaTeX Thesis Class April 2020 BEB
Non-PDF special ignored!
<special> rawpostscript % Amherst College LaTeX Thesis Class April 2020 BEB


{/Users/jessicayu/Library/TinyTeX/texmf-var/fonts/map/pdftex/updmap/pdftex.map}
] [2

] [1

] [2


] [3] [4


] (./Jessica-Yu_StatThesis.toc
LaTeX Font Info:    Trying to load font information for OT1+lmr on input line 1
.
(/Users/jessicayu/Library/TinyTeX/texmf-dist/tex/latex/lm/ot1lmr.fd
File: ot1lmr.fd 2015/05/01 v1.6.1 Font defs for Latin Modern
)
LaTeX Font Info:    Trying to load font information for OML+lmm on input line 1
.
(/Users/jessicayu/Library/TinyTeX/texmf-dist/tex/latex/lm/omllmm.fd
File: omllmm.fd 2015/05/01 v1.6.1 Font defs for Latin Modern
)
LaTeX Font Info:    Trying to load font information for OMS+lmsy on input line 
1.
(/Users/jessicayu/Library/TinyTeX/texmf-dist/tex/latex/lm/omslmsy.fd
File: omslmsy.fd 2015/05/01 v1.6.1 Font defs for Latin Modern
)
LaTeX Font Info:    Trying to load font information for OMX+lmex on input line 
1.
(/Users/jessicayu/Library/TinyTeX/texmf-dist/tex/latex/lm/omxlmex.fd
File: omxlmex.fd 2015/05/01 v1.6.1 Font defs for Latin Modern
)
LaTeX Font Info:    External font `lmex10' loaded for size
(Font)              <12> on input line 1.
LaTeX Font Info:    External font `lmex10' loaded for size
(Font)              <8> on input line 1.
LaTeX Font Info:    External font `lmex10' loaded for size
(Font)              <6> on input line 1.
LaTeX Font Info:    Trying to load font information for U+lasy on input line 1.

(/Users/jessicayu/Library/TinyTeX/texmf-dist/tex/latex/base/ulasy.fd
File: ulasy.fd 1998/08/17 v2.2e LaTeX symbol font definitions
)
LaTeX Font Info:    Trying to load font information for U+msa on input line 1.
(/Users/jessicayu/Library/TinyTeX/texmf-dist/tex/latex/amsfonts/umsa.fd
File: umsa.fd 2013/01/14 v3.01 AMS symbols A
)
LaTeX Font Info:    Trying to load font information for U+msb on input line 1.
(/Users/jessicayu/Library/TinyTeX/texmf-dist/tex/latex/amsfonts/umsb.fd
File: umsb.fd 2013/01/14 v3.01 AMS symbols B
) [5]
Underfull \vbox (badness 1910) has occurred while \output is active []

[6])
\tf@toc=\write5
\openout5 = `Jessica-Yu_StatThesis.toc'.

[7] [8

] (./Jessica-Yu_StatThesis.lot)
\tf@lot=\write6
\openout6 = `Jessica-Yu_StatThesis.lot'.

[9] [10

] (./Jessica-Yu_StatThesis.lof)
\tf@lof=\write7
\openout7 = `Jessica-Yu_StatThesis.lof'.

[11] [12

]
Chapter 1.

Underfull \vbox (badness 10000) has occurred while \output is active []

pdfTeX warning (ext4): destination with the same identifier (name{page.1}) has 
been already used, duplicate ignored
<to be read again> 
                   \relax 
l.292 
       [1

]
Underfull \vbox (badness 3657) has occurred while \output is active []

pdfTeX warning (ext4): destination with the same identifier (name{page.2}) has 
been already used, duplicate ignored
<to be read again> 
                   \relax 
l.303 
       [2]
Underfull \vbox (badness 10000) has occurred while \output is active []

[3] [4] [5]
Underfull \vbox (badness 10000) has occurred while \output is active []

[6]
Underfull \vbox (badness 10000) has occurred while \output is active []

[7]
Underfull \vbox (badness 10000) has occurred while \output is active []

[8]
Overfull \hbox (2.48326pt too wide) detected at line 356
\OML/lmm/m/it/12 E\OT1/lmr/m/n/12 (\OML/lmm/m/it/12 Y[]\OT1/lmr/m/n/12 ) = \OML
/lmm/m/it/12 ^^L[] \OT1/lmr/m/n/12 + \OML/lmm/m/it/12 ^^L[]Time[] \OT1/lmr/m/n/
12 + \OML/lmm/m/it/12 ^^L[]Time[] \OT1/lmr/m/n/12 + \OML/lmm/m/it/12 ^^L[]Group
[] \OT1/lmr/m/n/12 + \OML/lmm/m/it/12 ^^L[]Time[] \OMS/lmsy/m/n/12 ^^B \OML/lmm
/m/it/12 Group[] \OT1/lmr/m/n/12 + \OML/lmm/m/it/12 ^^L[]Time[] \OMS/lmsy/m/n/1
2 ^^B \OML/lmm/m/it/12 Group[]:
 []


Underfull \vbox (badness 1748) has occurred while \output is active []

[9]
Underfull \vbox (badness 10000) has occurred while \output is active []

[10]
Underfull \vbox (badness 10000) has occurred while \output is active []

[11]
Underfull \vbox (badness 2293) has occurred while \output is active []

[12] [13] [14

]
Chapter 2.

Underfull \vbox (badness 10000) has occurred while \output is active []

[15]
Underfull \vbox (badness 10000) has occurred while \output is active []

[16] [17]
Underfull \vbox (badness 10000) has occurred while \output is active []

[18]
Underfull \vbox (badness 10000) has occurred while \output is active []

[19]
Underfull \vbox (badness 10000) has occurred while \output is active []

[20] [21] [22]
LaTeX Font Info:    Trying to load font information for T1+lmtt on input line 5
04.
(/Users/jessicayu/Library/TinyTeX/texmf-dist/tex/latex/lm/t1lmtt.fd
File: t1lmtt.fd 2015/05/01 v1.6.1 Font defs for Latin Modern
)
Underfull \vbox (badness 10000) has occurred while \output is active []

[23]
<Jessica-Yu_StatThesis_files/figure-latex/unnamed-chunk-1-1.pdf, id=453, 469.75
5pt x 325.215pt>
File: Jessica-Yu_StatThesis_files/figure-latex/unnamed-chunk-1-1.pdf Graphic fi
le (type pdf)
<use Jessica-Yu_StatThesis_files/figure-latex/unnamed-chunk-1-1.pdf>
Package pdftex.def Info: Jessica-Yu_StatThesis_files/figure-latex/unnamed-chunk
-1-1.pdf  used on input line 509.
(pdftex.def)             Requested size: 390.25534pt x 270.1765pt.

Underfull \vbox (badness 10000) has occurred while \output is active []

[24 <./Jessica-Yu_StatThesis_files/figure-latex/unnamed-chunk-1-1.pdf>]
<Jessica-Yu_StatThesis_files/figure-latex/fig1-1.pdf, id=465, 578.16pt x 505.89
pt>
File: Jessica-Yu_StatThesis_files/figure-latex/fig1-1.pdf Graphic file (type pd
f)
<use Jessica-Yu_StatThesis_files/figure-latex/fig1-1.pdf>
Package pdftex.def Info: Jessica-Yu_StatThesis_files/figure-latex/fig1-1.pdf  u
sed on input line 524.
(pdftex.def)             Requested size: 578.15858pt x 505.88875pt.

Overfull \hbox (72.26875pt too wide) in paragraph at lines 524--525
 [][] 
 []


Underfull \vbox (badness 10000) has occurred while \output is active []

[25]
Underfull \vbox (badness 10000) has occurred while \output is active []

[26 <./Jessica-Yu_StatThesis_files/figure-latex/fig1-1.pdf>]
<Jessica-Yu_StatThesis_files/figure-latex/fig2-1.pdf, id=485, 433.62pt x 433.62
pt>
File: Jessica-Yu_StatThesis_files/figure-latex/fig2-1.pdf Graphic file (type pd
f)
<use Jessica-Yu_StatThesis_files/figure-latex/fig2-1.pdf>
Package pdftex.def Info: Jessica-Yu_StatThesis_files/figure-latex/fig2-1.pdf  u
sed on input line 540.
(pdftex.def)             Requested size: 433.61894pt x 433.61894pt.

Underfull \vbox (badness 10000) has occurred while \output is active []

[27] [28 <./Jessica-Yu_StatThesis_files/figure-latex/fig2-1.pdf>]
<Jessica-Yu_StatThesis_files/figure-latex/fig3-1.pdf, id=505, 433.62pt x 433.62
pt>
File: Jessica-Yu_StatThesis_files/figure-latex/fig3-1.pdf Graphic file (type pd
f)
<use Jessica-Yu_StatThesis_files/figure-latex/fig3-1.pdf>
Package pdftex.def Info: Jessica-Yu_StatThesis_files/figure-latex/fig3-1.pdf  u
sed on input line 556.
(pdftex.def)             Requested size: 433.61894pt x 433.61894pt.

Underfull \vbox (badness 10000) has occurred while \output is active []

[29] [30 <./Jessica-Yu_StatThesis_files/figure-latex/fig3-1.pdf>]
Underfull \vbox (badness 10000) has occurred while \output is active []

[31]
<Jessica-Yu_StatThesis_files/figure-latex/fig4-1.pdf, id=530, 433.62pt x 433.62
pt>
File: Jessica-Yu_StatThesis_files/figure-latex/fig4-1.pdf Graphic file (type pd
f)
<use Jessica-Yu_StatThesis_files/figure-latex/fig4-1.pdf>
Package pdftex.def Info: Jessica-Yu_StatThesis_files/figure-latex/fig4-1.pdf  u
sed on input line 574.
(pdftex.def)             Requested size: 433.61894pt x 433.61894pt.
[32 <./Jessica-Yu_StatThesis_files/figure-latex/fig4-1.pdf>]
<Jessica-Yu_StatThesis_files/figure-latex/fig5-1.pdf, id=547, 433.62pt x 433.62
pt>
File: Jessica-Yu_StatThesis_files/figure-latex/fig5-1.pdf Graphic file (type pd
f)
<use Jessica-Yu_StatThesis_files/figure-latex/fig5-1.pdf>
Package pdftex.def Info: Jessica-Yu_StatThesis_files/figure-latex/fig5-1.pdf  u
sed on input line 588.
(pdftex.def)             Requested size: 433.61894pt x 433.61894pt.

Underfull \vbox (badness 10000) has occurred while \output is active []

[33] [34 <./Jessica-Yu_StatThesis_files/figure-latex/fig5-1.pdf>]
Underfull \vbox (badness 3657) has occurred while \output is active []

[35]
Underfull \vbox (badness 10000) has occurred while \output is active []

[36]
Underfull \vbox (badness 10000) has occurred while \output is active []

[37] [38]
Chapter 3.

LaTeX Warning: Reference `fig:intercept' on page 39 undefined on input line 629
.


Underfull \vbox (badness 3189) has occurred while \output is active []

[39

]
<Jessica-Yu_StatThesis_files/figure-latex/exp-1.pdf, id=594, 259.97125pt x 201.
75375pt>
File: Jessica-Yu_StatThesis_files/figure-latex/exp-1.pdf Graphic file (type pdf
)
<use Jessica-Yu_StatThesis_files/figure-latex/exp-1.pdf>
Package pdftex.def Info: Jessica-Yu_StatThesis_files/figure-latex/exp-1.pdf  us
ed on input line 638.
(pdftex.def)             Requested size: 259.97061pt x 201.75325pt.
[40 <./Jessica-Yu_StatThesis_files/figure-latex/exp-1.pdf>]
<Jessica-Yu_StatThesis_files/figure-latex/alcohol-1.pdf, id=607, 259.97125pt x 
172.645pt>
File: Jessica-Yu_StatThesis_files/figure-latex/alcohol-1.pdf Graphic file (type
 pdf)
<use Jessica-Yu_StatThesis_files/figure-latex/alcohol-1.pdf>
Package pdftex.def Info: Jessica-Yu_StatThesis_files/figure-latex/alcohol-1.pdf
  used on input line 649.
(pdftex.def)             Requested size: 259.97061pt x 172.64456pt.
[41 <./Jessica-Yu_StatThesis_files/figure-latex/alcohol-1.pdf>]
Underfull \vbox (badness 10000) has occurred while \output is active []

[42] [43]
<Jessica-Yu_StatThesis_files/figure-latex/unnamed-chunk-5-1.pdf, id=632, 259.97
125pt x 201.75375pt>
File: Jessica-Yu_StatThesis_files/figure-latex/unnamed-chunk-5-1.pdf Graphic fi
le (type pdf)
<use Jessica-Yu_StatThesis_files/figure-latex/unnamed-chunk-5-1.pdf>
Package pdftex.def Info: Jessica-Yu_StatThesis_files/figure-latex/unnamed-chunk
-5-1.pdf  used on input line 711.
(pdftex.def)             Requested size: 259.97061pt x 201.75325pt.
[44 <./Jessica-Yu_StatThesis_files/figure-latex/unnamed-chunk-5-1.pdf>] [45]
<Jessica-Yu_StatThesis_files/figure-latex/unnamed-chunk-6-1.pdf, id=650, 259.97
125pt x 201.75375pt>
File: Jessica-Yu_StatThesis_files/figure-latex/unnamed-chunk-6-1.pdf Graphic fi
le (type pdf)
<use Jessica-Yu_StatThesis_files/figure-latex/unnamed-chunk-6-1.pdf>
Package pdftex.def Info: Jessica-Yu_StatThesis_files/figure-latex/unnamed-chunk
-6-1.pdf  used on input line 766.
(pdftex.def)             Requested size: 259.97061pt x 201.75325pt.
[46 <./Jessica-Yu_StatThesis_files/figure-latex/unnamed-chunk-6-1.pdf>]
Underfull \vbox (badness 3657) has occurred while \output is active []

[47] [48] [49

] [50

]
Appendix A.
LaTeX Font Info:    Font shape `T1/lmtt/bx/n' in size <12> not available
(Font)              Font shape `T1/lmtt/b/n' tried instead on input line 813.
LaTeX Font Info:    Trying to load font information for TS1+lmtt on input line 
816.
(/Users/jessicayu/Library/TinyTeX/texmf-dist/tex/latex/lm/ts1lmtt.fd
File: ts1lmtt.fd 2015/05/01 v1.6.1 Font defs for Latin Modern
) [51]
Underfull \vbox (badness 10000) detected at line 1290
 []


Underfull \vbox (badness 10000) detected at line 1290
 []

[52]
Underfull \vbox (badness 10000) detected at line 1290
 []


Underfull \vbox (badness 10000) detected at line 1290
 []

[53]
Underfull \vbox (badness 10000) detected at line 1290
 []


Underfull \vbox (badness 10000) detected at line 1290
 []

[54]
Underfull \vbox (badness 10000) detected at line 1290
 []


Underfull \vbox (badness 10000) detected at line 1290
 []

[55]
Underfull \vbox (badness 10000) detected at line 1290
 []


Underfull \vbox (badness 10000) detected at line 1290
 []

[56]
Underfull \vbox (badness 10000) detected at line 1290
 []


Underfull \vbox (badness 10000) detected at line 1290
 []

[57]
Underfull \vbox (badness 10000) detected at line 1290
 []


Underfull \vbox (badness 10000) detected at line 1290
 []

[58]
Underfull \vbox (badness 10000) detected at line 1290
 []


Underfull \vbox (badness 10000) detected at line 1290
 []

[59]
Underfull \vbox (badness 10000) detected at line 1290
 []


Underfull \vbox (badness 10000) detected at line 1290
 []

[60]
Underfull \vbox (badness 10000) detected at line 1290
 []


Underfull \vbox (badness 10000) detected at line 1290
 []

[61] [62]
Underfull \vbox (badness 10000) detected at line 1570
 []


Underfull \vbox (badness 10000) detected at line 1570
 []

[63]
Underfull \vbox (badness 10000) detected at line 1570
 []


Underfull \vbox (badness 10000) detected at line 1570
 []

[64]
Underfull \vbox (badness 10000) detected at line 1570
 []


Underfull \vbox (badness 10000) detected at line 1570
 []

[65]
Underfull \vbox (badness 10000) detected at line 1570
 []


Underfull \vbox (badness 10000) detected at line 1570
 []

[66]
Underfull \vbox (badness 10000) detected at line 1570
 []


Underfull \vbox (badness 10000) detected at line 1570
 []

[67]
Underfull \vbox (badness 10000) detected at line 1570
 []


Underfull \vbox (badness 10000) detected at line 1570
 []

[68] [69] [70

]
Appendix B.
[71] [72] [73] [74] [75

] [76

]
Underfull \vbox (badness 10000) has occurred while \output is active []

[77

]
Underfull \hbox (badness 4995) in paragraph at lines 1802--1804
 \T1/lmr/m/it/12 51\T1/lmr/m/n/12 (5), 341--352. [][]$\T1/lmtt/m/n/12 http : / 
/ doi . org / 10 . 1641 / 0006 -[] 3568(2001 ) 051 % 5B0341 :
 []


Underfull \vbox (badness 10000) has occurred while \output is active []

[78]
Underfull \vbox (badness 10000) has occurred while \output is active []

[79] [80] (./Jessica-Yu_StatThesis.aux)

LaTeX Warning: There were undefined references.

Package rerunfilecheck Info: File `Jessica-Yu_StatThesis.out' has not changed.
(rerunfilecheck)             Checksum: 713B9125482EC3B6B650485EC42AA2C7;7688.
 )
(\end occurred inside a group at level 1)

### semi simple group (level 1) entered at line 255 (\begingroup)
### bottom level 
Here is how much of TeX's memory you used:
 14848 strings out of 480238
 245272 string characters out of 5894762
 625485 words of memory out of 5000000
 32274 multiletter control sequences out of 15000+600000
 531186 words of font info for 68 fonts, out of 8000000 for 9000
 14 hyphenation exceptions out of 8191
 60i,12n,69p,1625b,653s stack positions out of 5000i,500n,10000p,200000b,80000s
{/Users/jessicayu/Library/TinyTeX/texmf-dist/fonts/enc/dvips/lm
/lm-ts1.enc}{/Users/jessicayu/Library/TinyTeX/texmf-dist/fonts/enc/dvips/lm/lm-
ec.enc}{/Users/jessicayu/Library/TinyTeX/texmf-dist/fonts/enc/dvips/lm/lm-rm.en
c}{/Users/jessicayu/Library/TinyTeX/texmf-dist/fonts/enc/dvips/lm/lm-mathsy.enc
}{/Users/jessicayu/Library/TinyTeX/texmf-dist/fonts/enc/dvips/lm/lm-mathit.enc}
{/Users/jessicayu/Library/TinyTeX/texmf-dist/fonts/enc/dvips/lm/lm-mathex.enc}<
/Users/jessicayu/Library/TinyTeX/texmf-dist/fonts/type1/public/lm/lmbx12.pfb></
Users/jessicayu/Library/TinyTeX/texmf-dist/fonts/type1/public/lm/lmcsc10.pfb></
Users/jessicayu/Library/TinyTeX/texmf-dist/fonts/type1/public/lm/lmex10.pfb></U
sers/jessicayu/Library/TinyTeX/texmf-dist/fonts/type1/public/lm/lmmi12.pfb></Us
ers/jessicayu/Library/TinyTeX/texmf-dist/fonts/type1/public/lm/lmmi6.pfb></User
s/jessicayu/Library/TinyTeX/texmf-dist/fonts/type1/public/lm/lmmi8.pfb></Users/
jessicayu/Library/TinyTeX/texmf-dist/fonts/type1/public/lm/lmr12.pfb></Users/je
ssicayu/Library/TinyTeX/texmf-dist/fonts/type1/public/lm/lmr17.pfb></Users/jess
icayu/Library/TinyTeX/texmf-dist/fonts/type1/public/lm/lmr6.pfb></Users/jessica
yu/Library/TinyTeX/texmf-dist/fonts/type1/public/lm/lmr8.pfb></Users/jessicayu/
Library/TinyTeX/texmf-dist/fonts/type1/public/lm/lmri12.pfb></Users/jessicayu/L
ibrary/TinyTeX/texmf-dist/fonts/type1/public/lm/lmsy10.pfb></Users/jessicayu/Li
brary/TinyTeX/texmf-dist/fonts/type1/public/lm/lmsy6.pfb></Users/jessicayu/Libr
ary/TinyTeX/texmf-dist/fonts/type1/public/lm/lmsy8.pfb></Users/jessicayu/Librar
y/TinyTeX/texmf-dist/fonts/type1/public/lm/lmtk10.pfb></Users/jessicayu/Library
/TinyTeX/texmf-dist/fonts/type1/public/lm/lmtt12.pfb></Users/jessicayu/Library/
TinyTeX/texmf-dist/fonts/type1/public/lm/lmtti10.pfb></Users/jessicayu/Library/
TinyTeX/texmf-dist/fonts/type1/public/amsfonts/symbols/msbm10.pfb>
Output written on Jessica-Yu_StatThesis.pdf (94 pages, 542495 bytes).
PDF statistics:
 1011 PDF objects out of 1200 (max. 8388607)
 845 compressed objects within 9 object streams
 216 named destinations out of 1000 (max. 500000)
 411 words of extra memory for PDF output out of 10000 (max. 10000000)

